SF:/workspace/src/utils.ts
FN:11,validateAndSanitizeInput
FN:88,validateIdentifier
FN:101,success
FN:110,error
FN:119,checkApiConnectivity
FNDA:90,validateAndSanitizeInput
FNDA:20,validateIdentifier
FNDA:3,success
FNDA:3,error
FNDA:2,checkApiConnectivity
FNF:5
FNH:5
BRDA:13,1,0,84
BRDA:13,1,1,8
BRDA:15,1,2,82
BRDA:21,1,3,3
BRDA:23,1,4,79
BRDA:27,1,5,75
BRDA:28,1,6,74
BRDA:30,1,7,8
BRDA:34,1,8,71
BRDA:38,1,9,68
BRDA:39,1,10,67
BRDA:41,1,11,6
BRDA:45,1,12,65
BRDA:49,1,13,14
BRDA:53,1,14,51
BRDA:57,1,15,7
BRDA:59,1,16,44
BRDA:62,1,17,3
BRDA:66,1,18,41
BRDA:70,1,19,16
BRDA:74,1,20,25
BRDA:92,2,0,12
BRDA:125,5,0,0
BRDA:137,5,1,0
BRF:24
BRH:22
DA:6,2
DA:11,2
DA:13,92
DA:14,100
DA:15,100
DA:18,174
DA:21,92
DA:22,95
DA:23,95
DA:26,92
DA:27,92
DA:28,92
DA:29,92
DA:30,92
DA:31,100
DA:32,100
DA:34,100
DA:37,92
DA:38,92
DA:39,92
DA:40,92
DA:41,92
DA:42,98
DA:43,98
DA:45,98
DA:48,157
DA:49,92
DA:50,106
DA:51,106
DA:53,106
DA:56,143
DA:57,92
DA:58,99
DA:59,99
DA:62,92
DA:63,95
DA:64,95
DA:66,95
DA:69,133
DA:70,92
DA:71,108
DA:72,108
DA:74,108
DA:76,117
DA:77,92
DA:82,2
DA:88,2
DA:89,22
DA:90,22
DA:91,22
DA:92,22
DA:93,34
DA:94,34
DA:95,2
DA:101,2
DA:102,5
DA:103,2
DA:110,2
DA:111,5
DA:112,5
DA:113,2
DA:119,2
DA:120,4
DA:122,4
DA:123,4
DA:124,4
DA:125,0
DA:127,0
DA:128,0
DA:130,4
DA:131,4
DA:132,12
DA:133,4
DA:134,4
DA:136,4
DA:137,0
DA:138,0
DA:139,0
DA:140,0
DA:141,0
DA:143,0
DA:144,0
DA:145,4
DA:146,2
LH:74
LF:84
end_of_record
SF:/workspace/src/version.ts
FN:6,getGitHashSync
FNDA:1,getGitHashSync
FNF:1
FNH:1
BRDA:11,1,0,0
BRDA:26,1,1,0
BRDA:29,1,2,0
BRF:3
BRH:0
DA:2,1
DA:5,1
DA:6,1
DA:7,2
DA:8,2
DA:10,2
DA:11,0
DA:12,0
DA:13,0
DA:14,0
DA:17,2
DA:18,10
DA:19,2
DA:20,2
DA:21,2
DA:22,2
DA:24,2
DA:25,2
DA:26,0
DA:27,0
DA:28,0
DA:29,0
DA:30,0
DA:31,0
DA:32,2
DA:33,2
DA:34,1
DA:36,1
LH:18
LF:28
end_of_record
SF:/workspace/src/version.ts
FN:6,getGitHashSync
FNDA:1,getGitHashSync
FNF:1
FNH:1
BRDA:14,1,0,0
BRDA:29,1,1,0
BRDA:32,1,2,0
BRF:3
BRH:0
DA:2,1
DA:5,1
DA:6,1
DA:7,2
DA:8,2
DA:10,2
DA:11,2
DA:12,2
DA:13,2
DA:14,2
DA:17,0
DA:18,0
DA:19,0
DA:20,0
DA:21,0
DA:22,0
DA:24,0
DA:25,0
DA:26,0
DA:27,0
DA:28,0
DA:29,0
DA:30,0
DA:31,0
DA:32,2
DA:33,0
DA:34,1
DA:36,1
LH:13
LF:28
end_of_record
SF:/workspace/src/version.ts
FN:6,getGitHashSync
FNDA:1,getGitHashSync
FNF:1
FNH:1
BRDA:14,1,0,0
BRDA:29,1,1,0
BRDA:32,1,2,0
BRF:3
BRH:0
DA:2,1
DA:5,1
DA:6,1
DA:7,2
DA:8,2
DA:10,2
DA:11,2
DA:12,2
DA:13,2
DA:14,2
DA:17,0
DA:18,0
DA:19,0
DA:20,0
DA:21,0
DA:22,0
DA:24,0
DA:25,0
DA:26,0
DA:27,0
DA:28,0
DA:29,0
DA:30,0
DA:31,0
DA:32,2
DA:33,0
DA:34,1
DA:36,1
LH:13
LF:28
end_of_record
SF:/workspace/src/version.ts
FN:6,getGitHashSync
FNDA:1,getGitHashSync
FNF:1
FNH:1
BRDA:11,1,0,0
BRDA:24,1,1,0
BRF:2
BRH:0
DA:2,1
DA:5,1
DA:6,1
DA:7,2
DA:8,2
DA:10,2
DA:11,0
DA:12,0
DA:13,0
DA:14,0
DA:17,2
DA:18,10
DA:19,2
DA:20,2
DA:21,2
DA:22,2
DA:24,0
DA:25,0
DA:26,0
DA:27,0
DA:28,0
DA:29,2
DA:30,2
DA:31,2
DA:32,2
DA:33,2
DA:34,1
DA:36,1
LH:19
LF:28
end_of_record
SF:/workspace/src/version.ts
FN:6,getGitHashSync
FNDA:1,getGitHashSync
FNF:1
FNH:1
BRDA:11,1,0,0
BRDA:24,1,1,0
BRF:2
BRH:0
DA:2,1
DA:5,1
DA:6,1
DA:7,2
DA:8,2
DA:10,2
DA:11,0
DA:12,0
DA:13,0
DA:14,0
DA:17,2
DA:18,10
DA:19,2
DA:20,2
DA:21,2
DA:22,2
DA:24,0
DA:25,0
DA:26,0
DA:27,0
DA:28,0
DA:29,2
DA:30,2
DA:31,2
DA:32,2
DA:33,2
DA:34,1
DA:36,1
LH:19
LF:28
end_of_record
SF:/workspace/src/version.ts
FN:6,getGitHashSync
FNDA:1,getGitHashSync
FNF:1
FNH:1
BRDA:11,1,0,0
BRDA:26,1,1,0
BRDA:29,1,2,0
BRF:3
BRH:0
DA:2,1
DA:5,1
DA:6,1
DA:7,2
DA:8,2
DA:10,2
DA:11,0
DA:12,0
DA:13,0
DA:14,0
DA:17,2
DA:18,10
DA:19,2
DA:20,2
DA:21,2
DA:22,2
DA:24,2
DA:25,2
DA:26,0
DA:27,0
DA:28,0
DA:29,0
DA:30,0
DA:31,0
DA:32,2
DA:33,2
DA:34,1
DA:36,1
LH:18
LF:28
end_of_record
SF:/workspace/src/version.ts
FN:6,getGitHashSync
FNDA:1,getGitHashSync
FNF:1
FNH:1
BRDA:11,1,0,0
BRDA:26,1,1,0
BRDA:29,1,2,0
BRF:3
BRH:0
DA:2,1
DA:5,1
DA:6,1
DA:7,2
DA:8,2
DA:10,2
DA:11,0
DA:12,0
DA:13,0
DA:14,0
DA:17,2
DA:18,10
DA:19,2
DA:20,2
DA:21,2
DA:22,2
DA:24,2
DA:25,2
DA:26,0
DA:27,0
DA:28,0
DA:29,0
DA:30,0
DA:31,0
DA:32,2
DA:33,2
DA:34,1
DA:36,1
LH:18
LF:28
end_of_record
SF:/workspace/src/version.ts
FN:6,getGitHashSync
FNDA:1,getGitHashSync
FNF:1
FNH:1
BRDA:11,1,0,0
BRDA:26,1,1,0
BRDA:29,1,2,0
BRF:3
BRH:0
DA:2,1
DA:5,1
DA:6,1
DA:7,2
DA:8,2
DA:10,2
DA:11,0
DA:12,0
DA:13,0
DA:14,0
DA:17,2
DA:18,10
DA:19,2
DA:20,2
DA:21,2
DA:22,2
DA:24,2
DA:25,2
DA:26,0
DA:27,0
DA:28,0
DA:29,0
DA:30,0
DA:31,0
DA:32,2
DA:33,2
DA:34,1
DA:36,1
LH:18
LF:28
end_of_record
SF:/workspace/src/version.ts
FN:6,getGitHashSync
FNDA:1,getGitHashSync
FNF:1
FNH:1
BRDA:14,1,0,0
BRDA:29,1,1,0
BRDA:32,1,2,0
BRF:3
BRH:0
DA:2,1
DA:5,1
DA:6,1
DA:7,2
DA:8,2
DA:10,2
DA:11,2
DA:12,2
DA:13,2
DA:14,2
DA:17,0
DA:18,0
DA:19,0
DA:20,0
DA:21,0
DA:22,0
DA:24,0
DA:25,0
DA:26,0
DA:27,0
DA:28,0
DA:29,0
DA:30,0
DA:31,0
DA:32,2
DA:33,0
DA:34,1
DA:36,1
LH:13
LF:28
end_of_record
SF:/workspace/src/version.ts
FN:6,getGitHashSync
FNDA:1,getGitHashSync
FNF:1
FNH:1
BRDA:14,1,0,0
BRDA:29,1,1,0
BRDA:32,1,2,0
BRF:3
BRH:0
DA:2,1
DA:5,1
DA:6,1
DA:7,2
DA:8,2
DA:10,2
DA:11,2
DA:12,2
DA:13,2
DA:14,2
DA:17,0
DA:18,0
DA:19,0
DA:20,0
DA:21,0
DA:22,0
DA:24,0
DA:25,0
DA:26,0
DA:27,0
DA:28,0
DA:29,0
DA:30,0
DA:31,0
DA:32,2
DA:33,0
DA:34,1
DA:36,1
LH:13
LF:28
end_of_record
SF:/workspace/src/version.ts
FN:6,getGitHashSync
FNDA:1,getGitHashSync
FNF:1
FNH:1
BRDA:14,1,0,0
BRDA:29,1,1,0
BRDA:32,1,2,0
BRF:3
BRH:0
DA:2,1
DA:5,1
DA:6,1
DA:7,2
DA:8,2
DA:10,2
DA:11,2
DA:12,2
DA:13,2
DA:14,2
DA:17,0
DA:18,0
DA:19,0
DA:20,0
DA:21,0
DA:22,0
DA:24,0
DA:25,0
DA:26,0
DA:27,0
DA:28,0
DA:29,0
DA:30,0
DA:31,0
DA:32,2
DA:33,0
DA:34,1
DA:36,1
LH:13
LF:28
end_of_record
SF:/workspace/src/version.ts
FN:6,getGitHashSync
FNDA:1,getGitHashSync
FNF:1
FNH:1
BRDA:11,1,0,0
BRDA:26,1,1,0
BRDA:29,1,2,0
BRF:3
BRH:0
DA:2,1
DA:5,1
DA:6,1
DA:7,2
DA:8,2
DA:10,2
DA:11,0
DA:12,0
DA:13,0
DA:14,0
DA:17,2
DA:18,10
DA:19,2
DA:20,2
DA:21,2
DA:22,2
DA:24,2
DA:25,2
DA:26,0
DA:27,0
DA:28,0
DA:29,0
DA:30,0
DA:31,0
DA:32,2
DA:33,2
DA:34,1
DA:36,1
LH:18
LF:28
end_of_record
SF:/workspace/src/version.ts
FN:6,getGitHashSync
FNDA:1,getGitHashSync
FNF:1
FNH:1
BRDA:11,1,0,0
BRDA:26,1,1,0
BRDA:29,1,2,0
BRF:3
BRH:0
DA:2,1
DA:5,1
DA:6,1
DA:7,2
DA:8,2
DA:10,2
DA:11,0
DA:12,0
DA:13,0
DA:14,0
DA:17,2
DA:18,10
DA:19,2
DA:20,2
DA:21,2
DA:22,2
DA:24,2
DA:25,2
DA:26,0
DA:27,0
DA:28,0
DA:29,0
DA:30,0
DA:31,0
DA:32,2
DA:33,2
DA:34,1
DA:36,1
LH:18
LF:28
end_of_record
